/home/mtrautne/LearningHomogenization/jobScripts
hpc-89-19.cm.cluster
Fri Nov 10 15:47:57 PST 2023
CPUs per task: 4
MATLAB is selecting SOFTWARE OPENGL rendering.

                            < M A T L A B (R) >
                  Copyright 1984-2020 The MathWorks, Inc.
              R2020a Update 4 (9.8.0.1417392) 64-bit (glnxa64)
                               June 24, 2020

 
To get started, type doc.
For product information, visit www.mathworks.com.
 
Starting parallel pool (parpool) using the 'local' profile ...
Connected to the parallel pool (number of workers: 4).

ans = 

 ProcessPool with properties: 

            Connected: true
           NumWorkers: 4
              Cluster: local
        AttachedFiles: {}
    AutoAddClientPath: true
          IdleTimeout: 30 minutes (30 minutes remaining)
          SpmdEnabled: true

